  % Total    % Received % Xferd  Average Speed   Time    Time     Time  Current
                                 Dload  Upload   Total   Spent    Left  Speed
  0     0    0     0    0     0      0      0 --:--:-- --:--:-- --:--:--     0* Host deploy-preview-538--pauseai.netlify.app:443 was resolved.
* IPv6: 2a05:d014:58f:6200::258, 2a05:d014:58f:6200::259
* IPv4: 63.176.8.218, 35.157.26.135
*   Trying [2a05:d014:58f:6200::258]:443...
* Connected to deploy-preview-538--pauseai.netlify.app (2a05:d014:58f:6200::258) port 443
* ALPN: curl offers h2,http/1.1
} [5 bytes data]
* TLSv1.3 (OUT), TLS handshake, Client hello (1):
} [512 bytes data]
*  CAfile: /etc/ssl/certs/ca-certificates.crt
*  CApath: /etc/ssl/certs
  0     0    0     0    0     0      0      0 --:--:-- --:--:-- --:--:--     0{ [5 bytes data]
* TLSv1.3 (IN), TLS handshake, Server hello (2):
{ [122 bytes data]
* TLSv1.3 (IN), TLS handshake, Encrypted Extensions (8):
{ [19 bytes data]
* TLSv1.3 (IN), TLS handshake, Certificate (11):
{ [2809 bytes data]
* TLSv1.3 (IN), TLS handshake, CERT verify (15):
{ [78 bytes data]
* TLSv1.3 (IN), TLS handshake, Finished (20):
{ [36 bytes data]
* TLSv1.3 (OUT), TLS change cipher, Change cipher spec (1):
} [1 bytes data]
* TLSv1.3 (OUT), TLS handshake, Finished (20):
} [36 bytes data]
* SSL connection using TLSv1.3 / TLS_AES_128_GCM_SHA256 / X25519 / id-ecPublicKey
* ALPN: server accepted h2
* Server certificate:
*  subject: C=US; ST=California; L=San Francisco; O=Netlify, Inc; CN=*.netlify.app
*  start date: Jan 31 00:00:00 2025 GMT
*  expire date: Mar  3 23:59:59 2026 GMT
*  subjectAltName: host "deploy-preview-538--pauseai.netlify.app" matched cert's "*.netlify.app"
*  issuer: C=US; O=DigiCert Inc; CN=DigiCert Global G2 TLS RSA SHA256 2020 CA1
*  SSL certificate verify ok.
*   Certificate level 0: Public key type EC/prime256v1 (256/128 Bits/secBits), signed using sha256WithRSAEncryption
*   Certificate level 1: Public key type RSA (2048/112 Bits/secBits), signed using sha256WithRSAEncryption
*   Certificate level 2: Public key type RSA (2048/112 Bits/secBits), signed using sha256WithRSAEncryption
{ [5 bytes data]
* TLSv1.3 (IN), TLS handshake, Newsession Ticket (4):
{ [122 bytes data]
* using HTTP/2
* [HTTP/2] [1] OPENED stream for https://deploy-preview-538--pauseai.netlify.app/people
* [HTTP/2] [1] [:method: GET]
* [HTTP/2] [1] [:scheme: https]
* [HTTP/2] [1] [:authority: deploy-preview-538--pauseai.netlify.app]
* [HTTP/2] [1] [:path: /people]
* [HTTP/2] [1] [accept: */*]
* [HTTP/2] [1] [user-agent: curl/cold-start-test-1762965897]
} [5 bytes data]
> GET /people HTTP/2
> Host: deploy-preview-538--pauseai.netlify.app
> Accept: */*
> User-Agent: curl/cold-start-test-1762965897
> 
{ [5 bytes data]
  0     0    0     0    0     0      0      0 --:--:--  0:00:01 --:--:--     0  0     0    0     0    0     0      0      0 --:--:--  0:00:02 --:--:--     0  0     0    0     0    0     0      0      0 --:--:--  0:00:03 --:--:--     0  0     0    0     0    0     0      0      0 --:--:--  0:00:04 --:--:--     0  0     0    0     0    0     0      0      0 --:--:--  0:00:05 --:--:--     0  0     0    0     0    0     0      0      0 --:--:--  0:00:06 --:--:--     0< HTTP/2 500 
< age: 7
< cache-control: public,max-age=3600
< cache-status: "Netlify Edge"; fwd=miss
< content-type: text/html
< date: Wed, 12 Nov 2025 16:45:04 GMT
< etag: W/"p295ds"
< link: <./_app/immutable/assets/Link.DKDvPSKI.css>; rel="preload"; as="style"; nopush, <./_app/immutable/assets/Banner.BoqiJ8jf.css>; rel="preload"; as="style"; nopush, <./_app/immutable/assets/Card.bG6HwXQ1.css>; rel="preload"; as="style"; nopush, <./_app/immutable/assets/Toaster.B9JcwM7w.css>; rel="preload"; as="style"; nopush, <./_app/immutable/assets/logo.zpUxtC1x.css>; rel="preload"; as="style"; nopush, <./_app/immutable/assets/0.DgIgZba7.css>; rel="preload"; as="style"; nopush, <./_app/immutable/assets/_page.VXkpSVnu.css>; rel="preload"; as="style"; nopush, <./_app/immutable/assets/_page.DJ2uye_M.css>; rel="preload"; as="style"; nopush, <./_app/immutable/assets/_page.l3L7_NM_.css>; rel="preload"; as="style"; nopush, <./_app/immutable/assets/_page.DRQiOvRR.css>; rel="preload"; as="style"; nopush, <./_app/immutable/assets/_page.bxceXnzc.css>; rel="preload"; as="style"; nopush, <./_app/immutable/assets/_page.gLDraZh0.css>; rel="preload"; as="style"; nopush, <./_app/immutable/assets/_page.CZ64IMpQ.css>; rel="preload"; as="style"; nopush, <./_app/immutable/assets/_page.D5dDPBVr.css>; rel="preload"; as="style"; nopush, <./_app/immutable/assets/SelfieUX.zoyeoCGv.css>; rel="preload"; as="style"; nopush, <./_app/immutable/assets/1.wHDIEnDi.css>; rel="preload"; as="style"; nopush, <./_app/immutable/entry/start.DgFZjIgY.js>; rel="modulepreload"; nopush, <./_app/immutable/chunks/DueIaxQC.js>; rel="modulepreload"; nopush, <./_app/immutable/chunks/DcjLBixI.js>; rel="modulepreload"; nopush, <./_app/immutable/chunks/BUApaBEI.js>; rel="modulepreload"; nopush, <./_app/immutable/chunks/NTrSg03U.js>; rel="modulepreload"; nopush, <./_app/immutable/entry/app.jyBpRbw9.js>; rel="modulepreload"; nopush, <./_app/immutable/chunks/C1FmrZbK.js>; rel="modulepreload"; nopush, <./_app/immutable/chunks/BQ2tn7aq.js>; rel="modulepreload"; nopush, <./_app/immutable/chunks/IHki7fMi.js>; rel="modulepreload"; nopush, <./_app/immutable/nodes/0.DyYztX23.js>; rel="modulepreload"; nopush, <./_app/immutable/chunks/pfMRWl6z.js>; rel="modulepreload"; nopush, <./_app/immutable/chunks/6VJ1icF0.js>; rel="modulepreload"; nopush, <./_app/immutable/chunks/DunxQpUk.js>; rel="modulepreload"; nopush, <./_app/immutable/chunks/BzBfl5Kj.js>; rel="modulepreload"; nopush, <./_app/immutable/chunks/C9DPpgUw.js>; rel="modulepreload"; nopush, <./_app/immutable/chunks/HPCAXM-w.js>; rel="modulepreload"; nopush, <./_app/immutable/chunks/7_2lBZRv.js>; rel="modulepreload"; nopush, <./_app/immutable/chunks/JHQPvH96.js>; rel="modulepreload"; nopush, <./_app/immutable/chunks/Dy9XBzas.js>; rel="modulepreload"; nopush, <./_app/immutable/chunks/DQ_DBg7o.js>; rel="modulepreload"; nopush, <./_app/immutable/chunks/NJsxHom6.js>; rel="modulepreload"; nopush, <./_app/immutable/chunks/DzpoYvDh.js>; rel="modulepreload"; nopush, <./_app/immutable/chunks/bVsdbmPI.js>; rel="modulepreload"; nopush, <./_app/immutable/chunks/DF__NpI9.js>; rel="modulepreload"; nopush, <./_app/immutable/chunks/CJpQySYU.js>; rel="modulepreload"; nopush, <./_app/immutable/chunks/Bcq0Tr2C.js>; rel="modulepreload"; nopush, <./_app/immutable/nodes/1.VyPjQsBR.js>; rel="modulepreload"; nopush
< server: Netlify
< strict-transport-security: max-age=31536000; includeSubDomains; preload
< vary: Accept-Encoding
< x-nf-request-id: 01K9WF9GFHF8ZCKHGGYBJ5GS4Z
< x-robots-tag: noindex
< x-sveltekit-page: true
< 
{ [5921 bytes data]
<!doctype html>
<html lang="en">
	<head>
		<meta charset="utf-8" />
		<meta name="viewport" content="width=device-width" />
		<link rel="icon" href="./favicon.png" />
		<link rel="alternate" type="application/atom+xml" href="/rss.xml" />

		<script type="module">
			document.documentElement.setAttribute('color-scheme', 'dark')
		</script>

		<!-- Google Tag Manager -->
		<script>
			;(function (w, d, s, l, i) {
				w[l] = w[l] || []
				w[l].push({ 'gtm.start': new Date().getTime(), event: 'gtm.js' })
				var f = d.getElementsByTagName(s)[0],
					j = d.createElement(s),
					dl = l != 'dataLayer' ? '&l=' + l : ''
				j.async = true
				j.src = 'https://www.googletagmanager.com/gtm.js?id=' + i + dl
				f.parentNode.insertBefore(j, f)
			})(window, document, 'script', 'dataLayer', 'GTM-MZS328RW')
		</script>
		<!-- End Google Tag Manager -->

		
		<link href="./_app/immutable/assets/Link.DKDvPSKI.css" rel="stylesheet">
		<link href="./_app/immutable/assets/Banner.BoqiJ8jf.css" rel="stylesheet">
		<link href="./_app/immutable/assets/Card.bG6HwXQ1.css" rel="stylesheet">
		<link href="./_app/immutable/assets/Toaster.B9JcwM7w.css" rel="stylesheet">
		<link href="./_app/immutable/assets/logo.zpUxtC1x.css" rel="stylesheet">
		<link href="./_app/immutable/assets/0.DgIgZba7.css" rel="stylesheet">
		<link href="./_app/immutable/assets/_page.VXkpSVnu.css" rel="stylesheet">
		<link href="./_app/immutable/assets/_page.DJ2uye_M.css" rel="stylesheet">
		<link href="./_app/immutable/assets/_page.l3L7_NM_.css" rel="stylesheet">
		<link href="./_app/immutable/assets/_page.DRQiOvRR.css" rel="stylesheet">
		<link href="./_app/immutable/assets/_page.bxceXnzc.css" rel="stylesheet">
		<link href="./_app/immutable/assets/_page.gLDraZh0.css" rel="stylesheet">
		<link href="./_app/immutable/assets/_page.CZ64IMpQ.css" rel="stylesheet">
		<link href="./_app/immutable/assets/_page.D5dDPBVr.css" rel="stylesheet">
		<link href="./_app/immutable/assets/SelfieUX.zoyeoCGv.css" rel="stylesheet">
		<link href="./_app/immutable/assets/1.wHDIEnDi.css" rel="stylesheet">
	</head>

	<body data-sveltekit-preload-data="hover">
		<!-- Google Tag Manager (noscript) -->
		<noscript
			><iframe
				src="https://www.googletagmanager.com/ns.html?id=GTM-ABCDEFGH"
				height="0"
				width="0"
				style="display: none; visibility: hidden"
			></iframe
		></noscript>
		<!-- End Google Tag Manager (noscript) -->
		<div style="display: contents">  <h2 style="width: 0; height: 0; margin: 0; padding: 0; visibility: hidden;" data-pagefind-ignore data-svelte-h="svelte-1vr8x3a">(Top)</h2>    <div class="layout svelte-5lx9jm">  <div class="wide-navbar svelte-1qb8on5"><nav class="svelte-4509nx"><div class="logo-container svelte-4509nx"><div class="compensate-min-space-between svelte-4509nx"></div> <div class="compensate-offset svelte-4509nx"></div> <a href="/" class="logo svelte-4509nx"><svg class="logo svelte-1j2rogs logo-animate" width="243" height="66" viewBox="0 0 243 66" fill="none" role="img" xmlns="http://www.w3.org/2000/svg"><title>PauseAI logo</title><path class="logo-circle svelte-1j2rogs" fill-rule="evenodd" clip-rule="evenodd" d="M66 33C66 51.2254 51.2254 66 33 66C14.7746 66 0 51.2254 0 33C0 14.7746 14.7746 0 33 0C51.2254 0 66 14.7746 66 33ZM20.7902 18.8101H29.0402V48.1801H20.7902V18.8101ZM44.5504 18.8101H36.3004V48.1801H44.5504V18.8101Z" fill="#FF9416"></path><path class="logo-pause svelte-1j2rogs" d="M54.6042 47V19H68.0842C70.6976 19 72.9509 19.4267 74.8442 20.28C76.7642 21.1333 78.2442 22.36 79.2842 23.96C80.3242 25.5333 80.8442 27.4 80.8442 29.56C80.8442 31.72 80.3242 33.5867 79.2842 35.16C78.2442 36.7333 76.7642 37.96 74.8442 38.84C72.9509 39.6933 70.6976 40.12 68.0842 40.12H59.8442L64.0442 36.08V47H54.6042ZM64.0442 37.12L59.8442 32.84H67.4842C68.7909 32.84 69.7509 32.5467 70.3642 31.96C71.0042 31.3733 71.3242 30.5733 71.3242 29.56C71.3242 28.5467 71.0042 27.7467 70.3642 27.16C69.7509 26.5733 68.7909 26.28 67.4842 26.28H59.8442L64.0442 22V37.12ZM79.4939 47L91.7339 19H101.014L113.254 47H103.494L94.4539 23.48H98.1339L89.0939 47H79.4939ZM86.7739 42.12L89.1739 35.32H102.054L104.454 42.12H86.7739ZM127.575 47.64C123.281 47.64 119.935 46.48 117.535 44.16C115.135 41.84 113.935 38.5867 113.935 34.4V19H123.375V34.12C123.375 36.2533 123.761 37.7733 124.535 38.68C125.308 39.56 126.348 40 127.655 40C128.988 40 130.028 39.56 130.775 38.68C131.548 37.7733 131.935 36.2533 131.935 34.12V19H141.215V34.4C141.215 38.5867 140.015 41.84 137.615 44.16C135.215 46.48 131.868 47.64 127.575 47.64ZM155.982 47.64C153.635 47.64 151.368 47.3733 149.182 46.84C146.995 46.3067 145.195 45.6133 143.782 44.76L146.822 37.88C148.155 38.6533 149.635 39.28 151.262 39.76C152.915 40.2133 154.515 40.44 156.062 40.44C156.968 40.44 157.675 40.3867 158.182 40.28C158.715 40.1467 159.102 39.9733 159.342 39.76C159.582 39.52 159.702 39.24 159.702 38.92C159.702 38.4133 159.422 38.0133 158.862 37.72C158.302 37.4267 157.555 37.1867 156.622 37C155.715 36.7867 154.715 36.5733 153.622 36.36C152.528 36.12 151.422 35.8133 150.302 35.44C149.208 35.0667 148.195 34.5733 147.262 33.96C146.355 33.3467 145.622 32.5467 145.062 31.56C144.502 30.5467 144.222 29.2933 144.222 27.8C144.222 26.0667 144.702 24.4933 145.662 23.08C146.648 21.64 148.102 20.4933 150.022 19.64C151.968 18.7867 154.382 18.36 157.262 18.36C159.155 18.36 161.022 18.56 162.862 18.96C164.702 19.36 166.355 19.9733 167.822 20.8L164.982 27.64C163.595 26.9467 162.248 26.4267 160.942 26.08C159.662 25.7333 158.408 25.56 157.182 25.56C156.275 25.56 155.555 25.64 155.022 25.8C154.488 25.96 154.102 26.1733 153.862 26.44C153.648 26.7067 153.542 27 153.542 27.32C153.542 27.8 153.822 28.1867 154.382 28.48C154.942 28.7467 155.675 28.9733 156.582 29.16C157.515 29.3467 158.528 29.5467 159.622 29.76C160.742 29.9733 161.848 30.2667 162.942 30.64C164.035 31.0133 165.035 31.5067 165.942 32.12C166.875 32.7333 167.622 33.5333 168.182 34.52C168.742 35.5067 169.022 36.7333 169.022 38.2C169.022 39.9067 168.528 41.48 167.542 42.92C166.582 44.3333 165.142 45.48 163.222 46.36C161.302 47.2133 158.888 47.64 155.982 47.64ZM180.471 29.4H192.951V36.2H180.471V29.4ZM181.111 39.88H195.111V47H171.831V19H194.591V26.12H181.111V39.88Z" fill="black" style="fill: var(--text)"></path><path class="logo-ai" d="M195.705 47L207.945 19H217.225L229.465 47H219.705L210.665 23.48H214.345L205.305 47H195.705ZM202.985 42.12L205.385 35.32H218.265L220.665 42.12H202.985ZM230.971 47V19H240.411V47H230.971Z" fill="#FF9416"></path></svg></a> <div class="min-space-between svelte-4509nx"></div> <div class="space-between svelte-4509nx"></div></div> <div class="nav-links svelte-4509nx"><span class="wide-navlink svelte-1cp72t1"><a href="/learn" class="svelte-1bld5pp first">Learn </a></span> <span class="narrow-navlink svelte-1cp72t1"><a href="/learn" class="svelte-1bld5pp first">Learn </a> </span> <span class="wide-navlink svelte-1cp72t1"><a href="/proposal" class="svelte-1bld5pp">Proposal </a></span> <span class="narrow-navlink svelte-1cp72t1"><a href="/proposal" class="svelte-1bld5pp">Proposal </a> </span> <span class="wide-navlink svelte-1cp72t1"><a href="/events" class="svelte-1bld5pp">Events </a></span> <span class="narrow-navlink svelte-1cp72t1"><a href="/events" class="svelte-1bld5pp">Events </a> </span> <span class="wide-navlink svelte-1cp72t1"><a href="/faq" class="svelte-1bld5pp">FAQ </a></span> <span class="narrow-navlink svelte-1cp72t1"><a href="/faq" class="svelte-1bld5pp">FAQ </a> </span> <span class="wide-navlink svelte-1cp72t1"><a href="/action" class="svelte-1bld5pp">Act </a></span> <span class="narrow-navlink svelte-1cp72t1"><a href="/action" class="svelte-1bld5pp">Act </a> </span> <span class="wide-navlink svelte-1cp72t1"><a href="/donate" class="svelte-1bld5pp">Donate </a></span> <span class="narrow-navlink svelte-1cp72t1"><a href="/donate" class="svelte-1bld5pp">Donate </a> </span>   <span class="wide-navlink svelte-1cp72t1"><a href="/join" class="svelte-1bld5pp  c2a">Join </a></span> <span class="narrow-navlink svelte-1cp72t1"><a href="/join" class="svelte-1bld5pp  c2a">Join </a> </span>   <span class="wide-navlink svelte-1cp72t1"><a href="/search" aria-label="Search" class="svelte-1bld5pp"><svg xmlns="http://www.w3.org/2000/svg" width="0.8em" height="0.8em" viewBox="0 0 24 24" fill="none" stroke="currentColor" stroke-width="2" stroke-linecap="round" stroke-linejoin="round" class="lucide-icon lucide lucide-search"><path d="m21 21-4.34-4.34"></path><circle cx="11" cy="11" r="8"></circle></svg> </a></span> <span class="narrow-navlink svelte-1cp72t1"><a href="/search" aria-label="Search" class="svelte-1bld5pp"><svg xmlns="http://www.w3.org/2000/svg" width="0.8em" height="0.8em" viewBox="0 0 24 24" fill="none" stroke="currentColor" stroke-width="2" stroke-linecap="round" stroke-linejoin="round" class="lucide-icon lucide lucide-search"><path d="m21 21-4.34-4.34"></path><circle cx="11" cy="11" r="8"></circle></svg> </a> </span></div> </nav></div> <div class="narrow-navbar svelte-1qb8on5"><nav class="svelte-4509nx"><div class="logo-container svelte-4509nx"><div class="compensate-min-space-between svelte-4509nx"></div> <div class="compensate-offset svelte-4509nx"></div> <a href="/" class="logo svelte-4509nx"><svg class="logo svelte-1j2rogs logo-animate" width="243" height="66" viewBox="0 0 243 66" fill="none" role="img" xmlns="http://www.w3.org/2000/svg"><title>PauseAI logo</title><path class="logo-circle svelte-1j2rogs" fill-rule="evenodd" clip-rule="evenodd" d="M66 33C66 51.2254 51.2254 66 33 66C14.7746 66 0 51.2254 0 33C0 14.7746 14.7746 0 33 0C51.2254 0 66 14.7746 66 33ZM20.7902 18.8101H29.0402V48.1801H20.7902V18.8101ZM44.5504 18.8101H36.3004V48.1801H44.5504V18.8101Z" fill="#FF9416"></path><path class="logo-pause svelte-1j2rogs" d="M54.6042 47V19H68.0842C70.6976 19 72.9509 19.4267 74.8442 20.28C76.7642 21.1333 78.2442 22.36 79.2842 23.96C80.3242 25.5333 80.8442 27.4 80.8442 29.56C80.8442 31.72 80.3242 33.5867 79.2842 35.16C78.2442 36.7333 76.7642 37.96 74.8442 38.84C72.9509 39.6933 70.6976 40.12 68.0842 40.12H59.8442L64.0442 36.08V47H54.6042ZM64.0442 37.12L59.8442 32.84H67.4842C68.7909 32.84 69.7509 32.5467 70.3642 31.96C71.0042 31.3733 71.3242 30.5733 71.3242 29.56C71.3242 28.5467 71.0042 27.7467 70.3642 27.16C69.7509 26.5733 68.7909 26.28 67.4842 26.28H59.8442L64.0442 22V37.12ZM79.4939 47L91.7339 19H101.014L113.254 47H103.494L94.4539 23.48H98.1339L89.0939 47H79.4939ZM86.7739 42.12L89.1739 35.32H102.054L104.454 42.12H86.7739ZM127.575 47.64C123.281 47.64 119.935 46.48 117.535 44.16C115.135 41.84 113.935 38.5867 113.935 34.4V19H123.375V34.12C123.375 36.2533 123.761 37.7733 124.535 38.68C125.308 39.56 126.348 40 127.655 40C128.988 40 130.028 39.56 130.775 38.68C131.548 37.7733 131.935 36.2533 131.935 34.12V19H141.215V34.4C141.215 38.5867 140.015 41.84 137.615 44.16C135.215 46.48 131.868 47.64 127.575 47.64ZM155.982 47.64C153.635 47.64 151.368 47.3733 149.182 46.84C146.995 46.3067 145.195 45.6133 143.782 44.76L146.822 37.88C148.155 38.6533 149.635 39.28 151.262 39.76C152.915 40.2133 154.515 40.44 156.062 40.44C156.968 40.44 157.675 40.3867 158.182 40.28C158.715 40.1467 159.102 39.9733 159.342 39.76C159.582 39.52 159.702 39.24 159.702 38.92C159.702 38.4133 159.422 38.0133 158.862 37.72C158.302 37.4267 157.555 37.1867 156.622 37C155.715 36.7867 154.715 36.5733 153.622 36.36C152.528 36.12 151.422 35.8133 150.302 35.44C149.208 35.0667 148.195 34.5733 147.262 33.96C146.355 33.3467 145.622 32.5467 145.062 31.56C144.502 30.5467 144.222 29.2933 144.222 27.8C144.222 26.0667 144.702 24.4933 145.662 23.08C146.648 21.64 148.102 20.4933 150.022 19.64C151.968 18.7867 154.382 18.36 157.262 18.36C159.155 18.36 161.022 18.56 162.862 18.96C164.702 19.36 166.355 19.9733 167.822 20.8L164.982 27.64C163.595 26.9467 162.248 26.4267 160.942 26.08C159.662 25.7333 158.408 25.56 157.182 25.56C156.275 25.56 155.555 25.64 155.022 25.8C154.488 25.96 154.102 26.1733 153.862 26.44C153.648 26.7067 153.542 27 153.542 27.32C153.542 27.8 153.822 28.1867 154.382 28.48C154.942 28.7467 155.675 28.9733 156.582 29.16C157.515 29.3467 158.528 29.5467 159.622 29.76C160.742 29.9733 161.848 30.2667 162.942 30.64C164.035 31.0133 165.035 31.5067 165.942 32.12C166.875 32.7333 167.622 33.5333 168.182 34.52C168.742 35.5067 169.022 36.7333 169.022 38.2C169.022 39.9067 168.528 41.48 167.542 42.92C166.582 44.3333 165.142 45.48 163.222 46.36C161.302 47.2133 158.888 47.64 155.982 47.64ZM180.471 29.4H192.951V36.2H180.471V29.4ZM181.111 39.88H195.111V47H171.831V19H194.591V26.12H181.111V39.88Z" fill="black" style="fill: var(--text)"></path><path class="logo-ai" d="M195.705 47L207.945 19H217.225L229.465 47H219.705L210.665 23.48H214.345L205.305 47H195.705ZM202.985 42.12L205.385 35.32H218.265L220.665 42.12H202.985ZM230.971 47V19H240.411V47H230.971Z" fill="#FF9416"></path></svg></a> <div class="min-space-between svelte-4509nx"></div> <div class="space-between svelte-4509nx"></div></div> <div class="nav-links svelte-4509nx"><span class="wide-navlink svelte-1cp72t1"><a href="/learn" class="svelte-1bld5pp first">Learn </a></span> <span class="narrow-navlink svelte-1cp72t1"><a href="/learn" class="svelte-1bld5pp first">Learn </a> </span> <span class="wide-navlink svelte-1cp72t1"><a href="/proposal" class="svelte-1bld5pp">Proposal </a></span> <span class="narrow-navlink svelte-1cp72t1"><a href="/proposal" class="svelte-1bld5pp">Proposal </a> </span> <span class="wide-navlink svelte-1cp72t1"><a href="/events" class="svelte-1bld5pp">Events </a></span> <span class="narrow-navlink svelte-1cp72t1"><a href="/events" class="svelte-1bld5pp">Events </a> </span> <span class="wide-navlink svelte-1cp72t1"><a href="/faq" class="svelte-1bld5pp">FAQ </a></span> <span class="narrow-navlink svelte-1cp72t1"><a href="/faq" class="svelte-1bld5pp">FAQ </a> </span> <span class="wide-navlink svelte-1cp72t1"><a href="/action" class="svelte-1bld5pp">Act </a></span> <span class="narrow-navlink svelte-1cp72t1"><a href="/action" class="svelte-1bld5pp">Act </a> </span> <span class="wide-navlink svelte-1cp72t1"><a href="/donate" class="svelte-1bld5pp">Donate </a></span> <span class="narrow-navlink svelte-1cp72t1"><a href="/donate" class="svelte-1bld5pp">Donate </a> </span>   <span class="wide-navlink svelte-1cp72t1"><a href="/join" class="svelte-1bld5pp  c2a">Join </a></span> <span class="narrow-navlink svelte-1cp72t1"><a href="/join" class="svelte-1bld5pp  c2a">Join </a> </span>   <span class="wide-navlink svelte-1cp72t1"><a href="/search" aria-label="Search" class="svelte-1bld5pp"><svg xmlns="http://www.w3.org/2000/svg" width="0.8em" height="0.8em" viewBox="0 0 24 24" fill="none" stroke="currentColor" stroke-width="2" stroke-linecap="round" stroke-linejoin="round" class="lucide-icon lucide lucide-search"><path d="m21 21-4.34-4.34"></path><circle cx="11" cy="11" r="8"></circle></svg> </a></span> <span class="narrow-navlink svelte-1cp72t1"><a href="/search" aria-label="Search" class="svelte-1bld5pp"><svg xmlns="http://www.w3.org/2000/svg" width="0.8em" height="0.8em" viewBox="0 0 24 24" fill="none" stroke="currentColor" stroke-width="2" stroke-linecap="round" stroke-linejoin="round" class="lucide-icon lucide lucide-search"><path d="m21 21-4.34-4.34"></path><circle cx="11" cy="11" r="8"></circle></svg> </a> </span></div> </nav> </div> <main class="svelte-5lx9jm"><div class="transition svelte-vcdv4c"><div class="error svelte-2l8l59"><h1>500: Internal Error</h1> </div></div></main> <footer><div class="joinbar svelte-1kni1eu"> <a href="/join" class="c2a">Join PauseAI ></a> <div class="socials svelte-1kni1eu"><div class="social svelte-1de8bag"><a href="https://www.facebook.com/PauseAI/" target="_blank" title="Facebook" class="svelte-1de8bag"><svg role="img" viewBox="0 0 24 24" xmlns="http://www.w3.org/2000/svg"><title>Facebook</title><path d="M9.101 23.691v-7.98H6.627v-3.667h2.474v-1.58c0-4.085 1.848-5.978 5.858-5.978.401 0 .955.042 1.468.103a8.68 8.68 0 0 1 1.141.195v3.325a8.623 8.623 0 0 0-.653-.036 26.805 26.805 0 0 0-.733-.009c-.707 0-1.259.096-1.675.309a1.686 1.686 0 0 0-.679.622c-.258.42-.374.995-.374 1.752v1.297h3.919l-.386 2.103-.287 1.564h-3.246v8.245C19.396 23.238 24 18.179 24 12.044c0-6.627-5.373-12-12-12s-12 5.373-12 12c0 5.628 3.874 10.35 9.101 11.647Z"></path></svg></a> <a href="https://discord.gg/2XXWXvErfA" target="_blank" title="Discord" class="svelte-1de8bag"><svg role="img" viewBox="0 0 24 24" xmlns="http://www.w3.org/2000/svg"><title>Discord</title><path d="M20.317 4.3698a19.7913 19.7913 0 00-4.8851-1.5152.0741.0741 0 00-.0785.0371c-.211.3753-.4447.8648-.6083 1.2495-1.8447-.2762-3.68-.2762-5.4868 0-.1636-.3933-.4058-.8742-.6177-1.2495a.077.077 0 00-.0785-.037 19.7363 19.7363 0 00-4.8852 1.515.0699.0699 0 00-.0321.0277C.5334 9.0458-.319 13.5799.0992 18.0578a.0824.0824 0 00.0312.0561c2.0528 1.5076 4.0413 2.4228 5.9929 3.0294a.0777.0777 0 00.0842-.0276c.4616-.6304.8731-1.2952 1.226-1.9942a.076.076 0 00-.0416-.1057c-.6528-.2476-1.2743-.5495-1.8722-.8923a.077.077 0 01-.0076-.1277c.1258-.0943.2517-.1923.3718-.2914a.0743.0743 0 01.0776-.0105c3.9278 1.7933 8.18 1.7933 12.0614 0a.0739.0739 0 01.0785.0095c.1202.099.246.1981.3728.2924a.077.077 0 01-.0066.1276 12.2986 12.2986 0 01-1.873.8914.0766.0766 0 00-.0407.1067c.3604.698.7719 1.3628 1.225 1.9932a.076.076 0 00.0842.0286c1.961-.6067 3.9495-1.5219 6.0023-3.0294a.077.077 0 00.0313-.0552c.5004-5.177-.8382-9.6739-3.5485-13.6604a.061.061 0 00-.0312-.0286zM8.02 15.3312c-1.1825 0-2.1569-1.0857-2.1569-2.419 0-1.3332.9555-2.4189 2.157-2.4189 1.2108 0 2.1757 1.0952 2.1568 2.419 0 1.3332-.9555 2.4189-2.1569 2.4189zm7.9748 0c-1.1825 0-2.1569-1.0857-2.1569-2.419 0-1.3332.9554-2.4189 2.1569-2.4189 1.2108 0 2.1757 1.0952 2.1568 2.419 0 1.3332-.946 2.4189-2.1568 2.4189Z"></path></svg></a> <a href="https://twitter.com/PauseAI" target="_blank" title="X / Twitter" class="svelte-1de8bag"><svg role="img" viewBox="0 0 24 24" xmlns="http://www.w3.org/2000/svg"><title>X</title><path d="M18.901 1.153h3.68l-8.04 9.19L24 22.846h-7.406l-5.8-7.584-6.638 7.584H.474l8.6-9.83L0 1.154h7.594l5.243 6.932ZM17.61 20.644h2.039L6.486 3.24H4.298Z"></path></svg></a> <a href="https://www.linkedin.com/company/pauseai" target="_blank" title="LinkedIn" class="svelte-1de8bag"><svg role="img" viewBox="0 0 24 24" xmlns="http://www.w3.org/2000/svg"><title>LinkedIn</title><path d="M20.447 20.452h-3.554v-5.569c0-1.328-.027-3.037-1.852-3.037-1.853 0-2.136 1.445-2.136 2.939v5.667H9.351V9h3.414v1.561h.046c.477-.9 1.637-1.85 3.37-1.85 3.601 0 4.267 2.37 4.267 5.455v6.286zM5.337 7.433c-1.144 0-2.063-.926-2.063-2.065 0-1.138.92-2.063 2.063-2.063 1.14 0 2.064.925 2.064 2.063 0 1.139-.925 2.065-2.064 2.065zm1.782 13.019H3.555V9h3.564v11.452zM22.225 0H1.771C.792 0 0 .774 0 1.729v20.542C0 23.227.792 24 1.771 24h20.451C23.2 24 24 23.227 24 22.271V1.729C24 .774 23.2 0 22.222 0h.003z"></path></svg></a> <a href="https://www.tiktok.com/@pauseai" target="_blank" title="TikTok" class="svelte-1de8bag"><svg role="img" viewBox="0 0 24 24" xmlns="http://www.w3.org/2000/svg"><title>TikTok</title><path d="M12.525.02c1.31-.02 2.61-.01 3.91-.02.08 1.53.63 3.09 1.75 4.17 1.12 1.11 2.7 1.62 4.24 1.79v4.03c-1.44-.05-2.89-.35-4.2-.97-.57-.26-1.1-.59-1.62-.93-.01 2.92.01 5.84-.02 8.75-.08 1.4-.54 2.79-1.35 3.94-1.31 1.92-3.58 3.17-5.91 3.21-1.43.08-2.86-.31-4.08-1.03-2.02-1.19-3.44-3.37-3.65-5.71-.02-.5-.03-1-.01-1.49.18-1.9 1.12-3.72 2.58-4.96 1.66-1.44 3.98-2.13 6.15-1.72.02 1.48-.04 2.96-.04 4.44-.99-.32-2.15-.23-3.02.37-.63.41-1.11 1.04-1.36 1.75-.21.51-.15 1.07-.14 1.61.24 1.64 1.82 3.02 3.5 2.87 1.12-.01 2.19-.66 2.77-1.61.19-.33.4-.67.41-1.06.1-1.79.06-3.57.07-5.36.01-4.03-.01-8.05.02-12.07z"></path></svg></a> <a href="https://www.instagram.com/pause_ai/" target="_blank" title="Instagram" class="svelte-1de8bag"><svg role="img" viewBox="0 0 24 24" xmlns="http://www.w3.org/2000/svg"><title>Instagram</title><path d="M7.0301.084c-1.2768.0602-2.1487.264-2.911.5634-.7888.3075-1.4575.72-2.1228 1.3877-.6652.6677-1.075 1.3368-1.3802 2.127-.2954.7638-.4956 1.6365-.552 2.914-.0564 1.2775-.0689 1.6882-.0626 4.947.0062 3.2586.0206 3.6671.0825 4.9473.061 1.2765.264 2.1482.5635 2.9107.308.7889.72 1.4573 1.388 2.1228.6679.6655 1.3365 1.0743 2.1285 1.38.7632.295 1.6361.4961 2.9134.552 1.2773.056 1.6884.069 4.9462.0627 3.2578-.0062 3.668-.0207 4.9478-.0814 1.28-.0607 2.147-.2652 2.9098-.5633.7889-.3086 1.4578-.72 2.1228-1.3881.665-.6682 1.0745-1.3378 1.3795-2.1284.2957-.7632.4966-1.636.552-2.9124.056-1.2809.0692-1.6898.063-4.948-.0063-3.2583-.021-3.6668-.0817-4.9465-.0607-1.2797-.264-2.1487-.5633-2.9117-.3084-.7889-.72-1.4568-1.3876-2.1228C21.2982 1.33 20.628.9208 19.8378.6165 19.074.321 18.2017.1197 16.9244.0645 15.6471.0093 15.236-.005 11.977.0014 8.718.0076 8.31.0215 7.0301.0839m.1402 21.6932c-1.17-.0509-1.8053-.2453-2.2287-.408-.5606-.216-.96-.4771-1.3819-.895-.422-.4178-.6811-.8186-.9-1.378-.1644-.4234-.3624-1.058-.4171-2.228-.0595-1.2645-.072-1.6442-.079-4.848-.007-3.2037.0053-3.583.0607-4.848.05-1.169.2456-1.805.408-2.2282.216-.5613.4762-.96.895-1.3816.4188-.4217.8184-.6814 1.3783-.9003.423-.1651 1.0575-.3614 2.227-.4171 1.2655-.06 1.6447-.072 4.848-.079 3.2033-.007 3.5835.005 4.8495.0608 1.169.0508 1.8053.2445 2.228.408.5608.216.96.4754 1.3816.895.4217.4194.6816.8176.9005 1.3787.1653.4217.3617 1.056.4169 2.2263.0602 1.2655.0739 1.645.0796 4.848.0058 3.203-.0055 3.5834-.061 4.848-.051 1.17-.245 1.8055-.408 2.2294-.216.5604-.4763.96-.8954 1.3814-.419.4215-.8181.6811-1.3783.9-.4224.1649-1.0577.3617-2.2262.4174-1.2656.0595-1.6448.072-4.8493.079-3.2045.007-3.5825-.006-4.848-.0608M16.953 5.5864A1.44 1.44 0 1 0 18.39 4.144a1.44 1.44 0 0 0-1.437 1.4424M5.8385 12.012c.0067 3.4032 2.7706 6.1557 6.173 6.1493 3.4026-.0065 6.157-2.7701 6.1506-6.1733-.0065-3.4032-2.771-6.1565-6.174-6.1498-3.403.0067-6.156 2.771-6.1496 6.1738M8 12.0077a4 4 0 1 1 4.008 3.9921A3.9996 3.9996 0 0 1 8 12.0077"></path></svg></a> <a href="https://www.youtube.com/@PauseAI" target="_blank" title="YouTube" class="svelte-1de8bag"><svg role="img" viewBox="0 0 24 24" xmlns="http://www.w3.org/2000/svg"><title>YouTube</title><path d="M23.498 6.186a3.016 3.016 0 0 0-2.122-2.136C19.505 3.545 12 3.545 12 3.545s-7.505 0-9.377.505A3.017 3.017 0 0 0 .502 6.186C0 8.07 0 12 0 12s0 3.93.502 5.814a3.016 3.016 0 0 0 2.122 2.136c1.871.505 9.376.505 9.376.505s7.505 0 9.377-.505a3.015 3.015 0 0 0 2.122-2.136C24 15.93 24 12 24 12s0-3.93-.502-5.814zM9.545 15.568V8.432L15.818 12l-6.273 3.568z"></path></svg></a> <a href="https://substack.com/@pauseai" target="_blank" title="Substack" class="svelte-1de8bag"><svg role="img" viewBox="0 0 24 24" xmlns="http://www.w3.org/2000/svg"><title>Substack</title><path d="M22.539 8.242H1.46V5.406h21.08v2.836zM1.46 10.812V24L12 18.11 22.54 24V10.812H1.46zM22.54 0H1.46v2.836h21.08V0z"></path></svg></a> <a href="https://www.reddit.com/r/PauseAI/" target="_blank" title="Reddit" class="svelte-1de8bag"><svg id="Layer_1" data-name="Layer 1" xmlns="http://www.w3.org/2000/svg" viewBox="0 0 256 256"><defs><style>.cls-1 {
				fill: var(--bg);
			}</style></defs><path class="cls-2" d="m128,0h0C57.31,0,0,57.31,0,128h0c0,35.35,14.33,67.35,37.49,90.51l-24.38,24.38c-4.84,4.84-1.41,13.11,5.43,13.11h109.46s0,0,0,0c70.69,0,128-57.31,128-128h0C256,57.31,198.69,0,128,0Z"></path><path class="cls-1" d="m154.04,60.36c2.22,9.41,10.67,16.42,20.76,16.42,11.78,0,21.33-9.55,21.33-21.33s-9.55-21.33-21.33-21.33c-10.3,0-18.89,7.3-20.89,17.01-17.25,1.85-30.72,16.48-30.72,34.21,0,.04,0,.07,0,.11-18.76.79-35.89,6.13-49.49,14.56-5.05-3.91-11.39-6.24-18.27-6.24-16.51,0-29.89,13.38-29.89,29.89,0,11.98,7.04,22.3,17.21,27.07.99,34.7,38.8,62.61,85.31,62.61s84.37-27.94,85.31-62.67c10.09-4.8,17.07-15.09,17.07-27,0-16.51-13.38-29.89-29.89-29.89-6.85,0-13.16,2.31-18.2,6.19-13.72-8.49-31.04-13.83-49.99-14.54,0-.03,0-.05,0-.08,0-12.7,9.44-23.24,21.68-24.97Zm-81.54,82.27c.5-10.84,7.7-19.16,16.07-19.16s14.77,8.79,14.27,19.63c-.5,10.84-6.75,14.78-15.13,14.78s-15.71-4.41-15.21-15.25Zm95.06-19.16c8.38,0,15.58,8.32,16.07,19.16.5,10.84-6.84,15.25-15.21,15.25s-14.63-3.93-15.13-14.78c-.5-10.84,5.89-19.63,14.27-19.63Zm-9.96,44.24c1.57.16,2.57,1.79,1.96,3.25-5.15,12.31-17.31,20.96-31.5,20.96s-26.34-8.65-31.5-20.96c-.61-1.46.39-3.09,1.96-3.25,9.2-.93,19.15-1.44,29.54-1.44s20.33.51,29.54,1.44Z"></path></svg></a> <a href="https://t.me/+UeTsIsNkmt82ZmQ8" target="_blank" title="Telegram" class="svelte-1de8bag"><svg role="img" version="1.1" xmlns="http://www.w3.org/2000/svg" xmlns:xlink="http://www.w3.org/1999/xlink" xml:space="preserve" style="fill-rule:evenodd;clip-rule:evenodd;stroke-linejoin:round;stroke-miterlimit:1.41421;" viewBox="0 0 24 24"><path id="telegram-1" d="M18.384,22.779c0.322,0.228 0.737,0.285 1.107,0.145c0.37,-0.141 0.642,-0.457 0.724,-0.84c0.869,-4.084 2.977,-14.421 3.768,-18.136c0.06,-0.28 -0.04,-0.571 -0.26,-0.758c-0.22,-0.187 -0.525,-0.241 -0.797,-0.14c-4.193,1.552 -17.106,6.397 -22.384,8.35c-0.335,0.124 -0.553,0.446 -0.542,0.799c0.012,0.354 0.25,0.661 0.593,0.764c2.367,0.708 5.474,1.693 5.474,1.693c0,0 1.452,4.385 2.209,6.615c0.095,0.28 0.314,0.5 0.603,0.576c0.288,0.075 0.596,-0.004 0.811,-0.207c1.216,-1.148 3.096,-2.923 3.096,-2.923c0,0 3.572,2.619 5.598,4.062Zm-11.01,-8.677l1.679,5.538l0.373,-3.507c0,0 6.487,-5.851 10.185,-9.186c0.108,-0.098 0.123,-0.262 0.033,-0.377c-0.089,-0.115 -0.253,-0.142 -0.376,-0.064c-4.286,2.737 -11.894,7.596 -11.894,7.596Z"></path></svg></a> <a href="https://chat.whatsapp.com/JgcAbjqRr8X3tvrXdeQvfj" target="_blank" title="Whatsapp" class="svelte-1de8bag"><svg version="1.1" id="Layer_1" xmlns="http://www.w3.org/2000/svg" xmlns:xlink="http://www.w3.org/1999/xlink" viewBox="0 0 308 308" xml:space="preserve"><g id="XMLID_468_"><path id="XMLID_469_" d="M227.904,176.981c-0.6-0.288-23.054-11.345-27.044-12.781c-1.629-0.585-3.374-1.156-5.23-1.156
		c-3.032,0-5.579,1.511-7.563,4.479c-2.243,3.334-9.033,11.271-11.131,13.642c-0.274,0.313-0.648,0.687-0.872,0.687
		c-0.201,0-3.676-1.431-4.728-1.888c-24.087-10.463-42.37-35.624-44.877-39.867c-0.358-0.61-0.373-0.887-0.376-0.887
		c0.088-0.323,0.898-1.135,1.316-1.554c1.223-1.21,2.548-2.805,3.83-4.348c0.607-0.731,1.215-1.463,1.812-2.153
		c1.86-2.164,2.688-3.844,3.648-5.79l0.503-1.011c2.344-4.657,0.342-8.587-0.305-9.856c-0.531-1.062-10.012-23.944-11.02-26.348
		c-2.424-5.801-5.627-8.502-10.078-8.502c-0.413,0,0,0-1.732,0.073c-2.109,0.089-13.594,1.601-18.672,4.802
		c-5.385,3.395-14.495,14.217-14.495,33.249c0,17.129,10.87,33.302,15.537,39.453c0.116,0.155,0.329,0.47,0.638,0.922
		c17.873,26.102,40.154,45.446,62.741,54.469c21.745,8.686,32.042,9.69,37.896,9.69c0.001,0,0.001,0,0.001,0
		c2.46,0,4.429-0.193,6.166-0.364l1.102-0.105c7.512-0.666,24.02-9.22,27.775-19.655c2.958-8.219,3.738-17.199,1.77-20.458
		C233.168,179.508,230.845,178.393,227.904,176.981z"></path><path id="XMLID_470_" d="M156.734,0C73.318,0,5.454,67.354,5.454,150.143c0,26.777,7.166,52.988,20.741,75.928L0.212,302.716
		c-0.484,1.429-0.124,3.009,0.933,4.085C1.908,307.58,2.943,308,4,308c0.405,0,0.813-0.061,1.211-0.188l79.92-25.396
		c21.87,11.685,46.588,17.853,71.604,17.853C240.143,300.27,308,232.923,308,150.143C308,67.354,240.143,0,156.734,0z
		 M156.734,268.994c-23.539,0-46.338-6.797-65.936-19.657c-0.659-0.433-1.424-0.655-2.194-0.655c-0.407,0-0.815,0.062-1.212,0.188
		l-40.035,12.726l12.924-38.129c0.418-1.234,0.209-2.595-0.561-3.647c-14.924-20.392-22.813-44.485-22.813-69.677
		c0-65.543,53.754-118.867,119.826-118.867c66.064,0,119.812,53.324,119.812,118.867
		C276.546,215.678,222.799,268.994,156.734,268.994z"></path></g></svg></a> <a href="https://bsky.app/profile/pauseai.bsky.social" class="svelte-1de8bag"><svg viewBox="0 0 600 530" version="1.1" xmlns="http://www.w3.org/2000/svg"><title>BlueSky</title><path d="m135.72 44.03c66.496 49.921 138.02 151.14 164.28 205.46 26.262-54.316 97.782-155.54 164.28-205.46 47.98-36.021 125.72-63.892 125.72 24.795 0 17.712-10.155 148.79-16.111 170.07-20.703 73.984-96.144 92.854-163.25 81.433 117.3 19.964 147.14 86.092 82.697 152.22-122.39 125.59-175.91-31.511-189.63-71.766-2.514-7.3797-3.6904-10.832-3.7077-7.8964-0.0174-2.9357-1.1937 0.51669-3.7077 7.8964-13.714 40.255-67.233 197.36-189.63 71.766-64.444-66.128-34.605-132.26 82.697-152.22-67.108 11.421-142.55-7.4491-163.25-81.433-5.9562-21.282-16.111-152.36-16.111-170.07 0-88.687 77.742-60.816 125.72-24.795z"></path></svg></a> </div></div></div> <div class="bar svelte-1kni1eu"></div> <div class="footer-links svelte-1kni1eu"><div class="column svelte-1kni1eu"><h2 class="svelte-1kni1eu">Info</h2>  <a href="/faq" class="">FAQ</a>  <a href="/proposal" class="">Proposal</a>  <a href="/learn" class="">Learn</a>  <a href="/press" class="">Press / Media</a>  <a href="/teams" class="">Teams</a>  <a href="/partnerships" class="">Partnerships</a>  <a href="/privacy" class="">Privacy policy</a>  <a href="/legal" class="">Legal Info <br> Stichting PauseAI <br> (kvk 92951031)</a></div> <div class="column svelte-1kni1eu"><h2 class="svelte-1kni1eu">Risks</h2>  <a href="/risks" class="">Risks overview</a>  <a href="/outcomes" class="">AI Outcomes</a>  <a href="/xrisk" class="">Existential risk</a>  <a href="/psychology-of-x-risk" class="">Psychology of x-risk</a>  <a href="/ai-takeover" class="">AI takeover</a>  <a href="/cybersecurity-risks" class="">Cybersecurity</a>  <a href="/dangerous-capabilities" class="">Dangerous capabilities</a>  <a href="/sota" class="">State of the art</a>  <a href="/urgency" class="">Urgency</a></div> <div class="column svelte-1kni1eu"><h2 class="svelte-1kni1eu">Take Action</h2>  <a href="/join" class="">Join PauseAI</a>  <a href="/action" class="">How you can help</a>  <a href="/communities" class="">Local communities</a>  <a href="donate" class="">Donate</a>  <a href="https://pauseai-shop.fourthwall.com" target="_blank" class="">Merchandise <span style="white-space: nowrap"><div class="icon svelte-ynhcrk"><svg xmlns="http://www.w3.org/2000/svg" width="0.7em" height="0.7em" viewBox="0 0 24 24" fill="none" stroke="currentColor" stroke-width="2" stroke-linecap="round" stroke-linejoin="round" class="lucide-icon lucide lucide-external-link"><path d="M15 3h6v6"></path><path d="M10 14 21 3"></path><path d="M18 13v6a2 2 0 0 1-2 2H5a2 2 0 0 1-2-2V8a2 2 0 0 1 2-2h6"></path></svg></div></span></a>  <a href="/events" class="">Events</a>  <a href="/vacancies" class="">Vacancies</a>  <a href="/email-builder" class="">Email builder</a>  <a href="/lobby-tips" class="">Lobby tips</a></div> <div class="column svelte-1kni1eu"><h2 class="svelte-1kni1eu">Other</h2> <button class="button-to-link svelte-17q8uf8" aria-label="Toggle theme">auto Theme</button> <button class="button-to-link" title="Withdraw consent for social widgets" data-svelte-h="svelte-1h81li7">Withdraw consent</button>  <a href="https://github.com/PauseAI/pauseai-website/edit/main/src/routes/people/+page.svelte" class="">Edit page on GitHub <span style="white-space: nowrap"><div class="icon svelte-ynhcrk"><svg xmlns="http://www.w3.org/2000/svg" width="0.7em" height="0.7em" viewBox="0 0 24 24" fill="none" stroke="currentColor" stroke-width="2" stroke-linecap="round" stroke-linejoin="round" class="lucide-icon lucide lucide-external-link"><path d="M15 3h6v6"></path><path d="M10 14 21 3"></path><path d="M18 13v6a2 2 0 0 1-2 2H5a2 2 0 0 1-2-2V8a2 2 0 0 1 2-2h6"></path></svg></div></span></a>  <a href="/posts" class="">All pages</a>  <a href="/rss.xml" target="_blank" class="">RSS</a>  <a href="https://creativecommons.org/licenses/by/4.0/" target="_blank" class="">License: CC-BY 4.0 <span style="white-space: nowrap"><div class="icon svelte-ynhcrk"><svg xmlns="http://www.w3.org/2000/svg" width="0.7em" height="0.7em" viewBox="0 0 24 24" fill="none" stroke="currentColor" stroke-width="2" stroke-linecap="round" stroke-linejoin="round" class="lucide-icon lucide lucide-external-link"><path d="M15 3h6v6"></path><path d="M10 14 21 3"></path><path d="M18 13v6a2 2 0 0 1-2 2H5a2 2 0 0 1-2-2V8a2 2 0 0 1 2-2h6"></path></svg></div></span></a>  <a href="https://airtable.com/appWPTGqZmUcs3NWu/pagIvo9Sv6IDHaolu/form" target="_blank" class="">Submit feedback <span style="white-space: nowrap"><div class="icon svelte-ynhcrk"><svg xmlns="http://www.w3.org/2000/svg" width="0.7em" height="0.7em" viewBox="0 0 24 24" fill="none" stroke="currentColor" stroke-width="2" stroke-linecap="round" stroke-linejoin="round" class="lucide-icon lucide lucide-external-link"><path d="M15 3h6v6"></path><path d="M10 14 21 3"></path><path d="M18 13v6a2 2 0 0 1-2 2H5a2 2 0 0 1-2-2V8a2 2 0 0 1 2-2h6"></path></svg></div></span></a></div></div> </footer></div> <div class="toaster  svelte-1phplh9" role="alert"> </div>  <div class="toc-wrapper card svelte-nyc0z6" style="display: none;"> <aside class="toc svelte-1bzt6aj  hidden mobile" hidden aria-hidden="true"><button aria-label="Open table of contents" class="svelte-1bzt6aj"><svg xmlns="http://www.w3.org/2000/svg" width="2rem" height="2rem" viewBox="0 0 24 100 33665    0 33665    0     0   4727      0 --:--:--  0:00:07 --:--:--  7524
* Connection #0 to host deploy-preview-538--pauseai.netlify.app left intact
24" fill="none" stroke="currentColor" stroke-width="2" stroke-linecap="round" stroke-linejoin="round" class="lucide-icon lucide lucide-list"><path d="M3 12h.01"></path><path d="M3 18h.01"></path><path d="M3 6h.01"></path><path d="M8 12h13"></path><path d="M8 18h13"></path><path d="M8 6h13"></path></svg></button>  </aside> </div>    
			
			<script>
				{
					__sveltekit_1w1pqnu = {
						base: new URL(".", location).pathname.slice(0, -1)
					};

					const element = document.currentScript.parentElement;

					Promise.all([
						import("./_app/immutable/entry/start.DgFZjIgY.js"),
						import("./_app/immutable/entry/app.jyBpRbw9.js")
					]).then(([kit, app]) => {
						kit.start(app, element, {
							node_ids: [0, 1],
							data: [null],
							form: null,
							error: {message:"Internal Error"},
							status: 500
						});
					});
				}
			</script>
		</div>
	</body>
</html>
